<?xml version="1.0" encoding="UTF-8"?>
<testng-results skipped="0" failed="0" total="1" passed="1">
  <reporter-output>
  </reporter-output>
  <suite name="Default suite" duration-ms="4822" started-at="2020-05-09T07:12:26Z" finished-at="2020-05-09T07:12:31Z">
    <groups>
    </groups>
    <test name="Default test" duration-ms="4822" started-at="2020-05-09T07:12:26Z" finished-at="2020-05-09T07:12:31Z">
      <class name="Revanth.AppiumTest">
        <test-method status="PASS" signature="config()[pri:0, instance:Revanth.AppiumTest@59ec2012]" name="config" is-config="true" duration-ms="3879" started-at="2020-05-09T12:42:26Z" finished-at="2020-05-09T12:42:30Z">
          <reporter-output>
          </reporter-output>
        </test-method> <!-- config -->
        <test-method status="PASS" signature="sample()[pri:0, instance:Revanth.AppiumTest@59ec2012]" name="sample" duration-ms="875" started-at="2020-05-09T12:42:30Z" finished-at="2020-05-09T12:42:31Z">
          <reporter-output>
          </reporter-output>
        </test-method> <!-- sample -->
      </class> <!-- Revanth.AppiumTest -->
    </test> <!-- Default test -->
  </suite> <!-- Default suite -->
</testng-results>
